<?xml version="1.0" encoding="UTF-8"?>
<testng-results skipped="0" failed="0" ignored="0" total="1" passed="1">
  <reporter-output>
  </reporter-output>
  <suite name="Default suite" duration-ms="27" started-at="2018-08-18T09:51:50Z" finished-at="2018-08-18T09:51:50Z">
    <groups>
    </groups>
    <test name="Default test" duration-ms="27" started-at="2018-08-18T09:51:50Z" finished-at="2018-08-18T09:51:50Z">
      <class name="myg.mya.App">
        <test-method status="PASS" signature="setUp()[pri:0, instance:myg.mya.App@1753acfe]" name="setUp" is-config="true" duration-ms="9" started-at="2018-08-18T09:51:50Z" finished-at="2018-08-18T09:51:50Z">
          <reporter-output>
          </reporter-output>
        </test-method> <!-- setUp -->
        <test-method status="PASS" signature="App()[pri:0, instance:myg.mya.App@1753acfe]" name="App" duration-ms="3" started-at="2018-08-18T09:51:50Z" finished-at="2018-08-18T09:51:50Z">
          <reporter-output>
          </reporter-output>
        </test-method> <!-- App -->
        <test-method status="PASS" signature="tearDown()[pri:0, instance:myg.mya.App@1753acfe]" name="tearDown" is-config="true" duration-ms="0" started-at="2018-08-18T09:51:50Z" finished-at="2018-08-18T09:51:50Z">
          <reporter-output>
          </reporter-output>
        </test-method> <!-- tearDown -->
      </class> <!-- myg.mya.App -->
    </test> <!-- Default test -->
  </suite> <!-- Default suite -->
</testng-results>
